<?xml version="1.0" encoding="UTF-8"?>
<!-- Generated by org.testng.reporters.JUnitReportReporter -->
<testsuite hostname="DESKTOP-7S0S7O2" failures="0" tests="1" name="com.it_academy.mobile.testing.CalculatorTest" time="13.508" errors="0" timestamp="2022-07-13T19:58:46 CEST" skipped="0">
  <testcase classname="com.it_academy.mobile.testing.CalculatorTest" name="testSumOfTwoDigits" time="13.508"/>
  <system-out/>
</testsuite> <!-- com.it_academy.mobile.testing.CalculatorTest -->
